{"/Users/purthasmacbookpro/Desktop/SOFE 2720U Lab 5/src/filterByTerm.js": {"path":"/Users/purthasmacbookpro/Desktop/SOFE 2720U Lab 5/src/filterByTerm.js","statementMap":{"0":{"start":{"line":2,"column":2},"end":{"line":2,"column":64}},"1":{"start":{"line":2,"column":24},"end":{"line":2,"column":64}},"2":{"start":{"line":3,"column":2},"end":{"line":8,"column":3}},"3":{"start":{"line":4,"column":18},"end":{"line":4,"column":45}},"4":{"start":{"line":5,"column":4},"end":{"line":7,"column":7}},"5":{"start":{"line":6,"column":6},"end":{"line":6,"column":43}},"6":{"start":{"line":9,"column":2},"end":{"line":9,"column":12}},"7":{"start":{"line":12,"column":0},"end":{"line":12,"column":30}}},"fnMap":{"0":{"name":"filterByTerm","decl":{"start":{"line":1,"column":9},"end":{"line":1,"column":21}},"loc":{"start":{"line":1,"column":44},"end":{"line":10,"column":1}},"line":1},"1":{"name":"(anonymous_1)","decl":{"start":{"line":5,"column":27},"end":{"line":5,"column":28}},"loc":{"start":{"line":5,"column":51},"end":{"line":7,"column":5}},"line":5}},"branchMap":{"0":{"loc":{"start":{"line":2,"column":2},"end":{"line":2,"column":64}},"type":"if","locations":[{"start":{"line":2,"column":2},"end":{"line":2,"column":64}},{"start":{},"end":{}}],"line":2},"1":{"loc":{"start":{"line":3,"column":2},"end":{"line":8,"column":3}},"type":"if","locations":[{"start":{"line":3,"column":2},"end":{"line":8,"column":3}},{"start":{},"end":{}}],"line":3}},"s":{"0":4,"1":0,"2":4,"3":3,"4":3,"5":9,"6":1,"7":1},"f":{"0":4,"1":9},"b":{"0":[0,4],"1":[3,1]},"_coverageSchema":"1a1c01bbd47fc00a2c39e90264f33305004495a9","hash":"1e9d45703c491c504216b66015040ff862b27ee6"}
}
